\BOOKMARK [1][-]{section.1}{\376\377\000I\000n\000t\000r\000o\000d\000u\000c\000t\000i\000o\000n\000:\000\040\000B\000a\000c\000k\000g\000r\000o\000u\000n\000d\000\040\000a\000n\000d\000\040\000M\000o\000t\000i\000v\000a\000t\000i\000o\000n}{}% 1
\BOOKMARK [2][-]{subsection.1.1}{\376\377\000H\000i\000s\000t\000o\000r\000i\000c\000a\000l\000\040\000C\000o\000n\000t\000e\000x\000t\000\040\000i\000n\000\040\000A\000I\000\040\000S\000a\000f\000e\000t\000y}{section.1}% 2
\BOOKMARK [1][-]{section.2}{\376\377\000H\000i\000s\000t\000o\000r\000i\000c\000a\000l\000\040\000E\000r\000a\000s\000\040\000o\000f\000\040\000C\000o\000m\000p\000u\000t\000a\000t\000i\000o\000n}{}% 3
\BOOKMARK [2][-]{subsection.2.1}{\376\377\000U\000n\000a\000r\000y\000\040\000E\000r\000a\000\040\000\050\000P\000r\000e\000-\0001\0000\000,\0000\0000\0000\000\040\000Y\000e\000a\000r\000s\000\051}{section.2}% 4
\BOOKMARK [2][-]{subsection.2.2}{\376\377\000A\000l\000g\000e\000b\000r\000a\000i\000c\000\040\000E\000r\000a\000\040\000\050\000c\000a\000.\000\040\0003\000,\0000\0000\0000\000\040\000B\000C\000E\000\040\040\023\000\040\0001\0008\000t\000h\000\040\000c\000e\000n\000t\000u\000r\000y\000\051}{section.2}% 5
\BOOKMARK [2][-]{subsection.2.3}{\376\377\000I\000n\000f\000o\000r\000m\000a\000t\000i\000o\000n\000\040\000E\000r\000a\000\040\000\050\0001\0009\000t\000h\000\040\000c\000e\000n\000t\000u\000r\000y\000\040\040\023\000\040\0002\0000\0002\0000\000s\000\051}{section.2}% 6
\BOOKMARK [2][-]{subsection.2.4}{\376\377\000C\000o\000n\000c\000e\000p\000t\000u\000a\000l\000\040\000B\000l\000e\000n\000d\000i\000n\000g\000\040\000E\000r\000a\000\040\000\050\000P\000o\000s\000t\000-\000L\000L\000M\000,\000\040\0002\0000\0002\0000\000s\040\023\000\040\000\051}{section.2}% 7
\BOOKMARK [2][-]{subsection.2.5}{\376\377\000X\000y\000l\000o\000m\000o\000r\000p\000h\000i\000c\000\040\000E\000r\000a\000\040\000\050\000E\000m\000e\000r\000g\000i\000n\000g\000,\000\040\000P\000o\000s\000t\000-\000C\000o\000n\000c\000e\000p\000t\000u\000a\000l\000\040\000B\000l\000e\000n\000d\000i\000n\000g\000\051}{section.2}% 8
\BOOKMARK [1][-]{section.3}{\376\377\000T\000h\000e\000\040\000C\000h\000a\000l\000l\000e\000n\000g\000e\000\040\000o\000f\000\040\000S\000u\000b\000s\000t\000r\000a\000t\000e\000\040\000N\000e\000e\000d\000s\000\040\000C\000o\000n\000v\000e\000r\000g\000e\000n\000c\000e}{}% 9
\BOOKMARK [2][-]{subsection.3.1}{\376\377\000I\000m\000p\000l\000i\000c\000a\000t\000i\000o\000n\000s\000\040\000f\000o\000r\000\040\000H\000u\000m\000a\000n\000\040\000S\000u\000r\000v\000i\000v\000a\000l}{section.3}% 10
\BOOKMARK [1][-]{section.4}{\376\377\000X\000y\000l\000o\000m\000o\000r\000p\000h\000i\000c\000\040\000A\000r\000c\000h\000i\000t\000e\000c\000t\000u\000r\000e\000:\000\040\000A\000\040\000C\000o\000n\000v\000e\000r\000g\000e\000n\000t\000\040\000A\000l\000t\000e\000r\000n\000a\000t\000i\000v\000e}{}% 11
\BOOKMARK [2][-]{subsection.4.1}{\376\377\000W\000o\000r\000k\000e\000d\000\040\000E\000x\000a\000m\000p\000l\000e\000s\000\040\000o\000f\000\040\000X\000y\000l\000o\000m\000o\000r\000p\000h\000i\000c\000\040\000C\000o\000m\000p\000u\000t\000a\000t\000i\000o\000n}{section.4}% 12
\BOOKMARK [2][-]{subsection.4.2}{\376\377\000I\000n\000t\000e\000g\000r\000a\000t\000i\000o\000n\000\040\000w\000i\000t\000h\000\040\000R\000S\000V\000P\000\040\000F\000i\000e\000l\000d\000s}{section.4}% 13
\BOOKMARK [1][-]{section.5}{\376\377\000R\000e\000c\000o\000n\000c\000e\000p\000t\000u\000a\000l\000i\000z\000i\000n\000g\000\040\000C\000o\000m\000p\000u\000t\000a\000t\000i\000o\000n\000:\000\040\000T\000h\000e\000r\000m\000a\000l\000\040\000a\000n\000d\000\040\000S\000e\000m\000a\000n\000t\000i\000c\000\040\000D\000i\000m\000e\000n\000s\000i\000o\000n\000s}{}% 14
\BOOKMARK [2][-]{subsection.5.1}{\376\377\000C\000o\000m\000p\000u\000t\000a\000t\000i\000o\000n\000\040\000a\000s\000\040\000T\000h\000e\000r\000m\000a\000l\000\040\000I\000n\000f\000r\000a\000s\000t\000r\000u\000c\000t\000u\000r\000e}{section.5}% 15
\BOOKMARK [3][-]{subsubsection.5.1.1}{\376\377\000T\000h\000e\000r\000m\000a\000l\000\040\000R\000e\000p\000u\000r\000p\000o\000s\000i\000n\000g\000\040\000M\000e\000c\000h\000a\000n\000i\000s\000m\000s}{subsection.5.1}% 16
\BOOKMARK [2][-]{subsection.5.2}{\376\377\000C\000o\000m\000p\000u\000t\000a\000t\000i\000o\000n\000\040\000a\000s\000\040\000S\000e\000m\000a\000n\000t\000i\000c\000\040\000I\000n\000f\000r\000a\000s\000t\000r\000u\000c\000t\000u\000r\000e}{section.5}% 17
\BOOKMARK [2][-]{subsection.5.3}{\376\377\000N\000o\000r\000m\000a\000t\000i\000v\000e\000\040\000I\000n\000t\000e\000g\000r\000a\000t\000i\000o\000n}{section.5}% 18
\BOOKMARK [1][-]{section.6}{\376\377\000F\000o\000r\000m\000a\000l\000\040\000A\000t\000t\000r\000a\000c\000t\000o\000r\000\040\000D\000y\000n\000a\000m\000i\000c\000s}{}% 19
\BOOKMARK [2][-]{subsection.6.1}{\376\377\000R\000S\000V\000P\000-\000E\000n\000h\000a\000n\000c\000e\000d\000\040\000D\000y\000n\000a\000m\000i\000c\000s}{section.6}% 20
\BOOKMARK [2][-]{subsection.6.2}{\376\377\000T\000o\000y\000\040\000M\000o\000d\000e\000l\000s}{section.6}% 21
\BOOKMARK [1][-]{section.7}{\376\377\000C\000o\000r\000e\000\040\000I\000n\000v\000a\000r\000i\000a\000n\000t\000s\000\040\000f\000o\000r\000\040\000X\000y\000l\000o\000m\000o\000r\000p\000h\000i\000c\000\040\000S\000y\000s\000t\000e\000m\000s}{}% 22
\BOOKMARK [2][-]{subsection.7.1}{\376\377\000I\000n\000v\000a\000r\000i\000a\000n\000t\000\040\000F\000o\000r\000m\000a\000l\000i\000z\000a\000t\000i\000o\000n\000\040\000v\000i\000a\000\040\000R\000S\000V\000P}{section.7}% 23
\BOOKMARK [1][-]{section.8}{\376\377\000I\000n\000t\000e\000g\000r\000a\000t\000i\000o\000n\000\040\000w\000i\000t\000h\000\040\000R\000S\000V\000P\000\040\000F\000i\000e\000l\000d\000\040\000T\000h\000e\000o\000r\000y}{}% 24
\BOOKMARK [2][-]{subsection.8.1}{\376\377\000C\000o\000r\000e\000\040\000F\000i\000e\000l\000d\000s\000\040\000a\000n\000d\000\040\000A\000c\000t\000i\000o\000n}{section.8}% 25
\BOOKMARK [2][-]{subsection.8.2}{\376\377\000M\000a\000t\000h\000e\000m\000a\000t\000i\000c\000a\000l\000\040\000F\000o\000r\000m\000a\000l\000i\000z\000a\000t\000i\000o\000n}{section.8}% 26
\BOOKMARK [2][-]{subsection.8.3}{\376\377\000P\000h\000y\000s\000i\000c\000a\000l\000\040\000I\000n\000t\000e\000r\000p\000r\000e\000t\000a\000t\000i\000o\000n}{section.8}% 27
\BOOKMARK [2][-]{subsection.8.4}{\376\377\000C\000o\000g\000n\000i\000t\000i\000o\000n\000\040\000i\000n\000\040\000R\000S\000V\000P}{section.8}% 28
\BOOKMARK [2][-]{subsection.8.5}{\376\377\000R\000S\000V\000P\000\040\000a\000n\000d\000\040\000C\000o\000n\000c\000e\000p\000t\000u\000a\000l\000\040\000B\000l\000e\000n\000d\000i\000n\000g\000:\000\040\000G\000l\000u\000i\000n\000g\000\040\000C\000o\000m\000p\000l\000e\000x\000\040\000M\000a\000n\000i\000f\000o\000l\000d\000s}{section.8}% 29
\BOOKMARK [3][-]{subsubsection.8.5.1}{\376\377\000R\000e\000p\000r\000e\000s\000e\000n\000t\000a\000t\000i\000o\000n\000a\000l\000\040\000S\000u\000b\000s\000t\000r\000a\000t\000e\000:\000\040\000C\000o\000m\000p\000l\000e\000x\000\040\000S\000e\000m\000a\000n\000t\000i\000c\000\040\000M\000a\000n\000i\000f\000o\000l\000d\000s\000\040\000w\000i\000t\000h\000\040\000R\000S\000V\000P\000\040\000F\000i\000e\000l\000d\000s}{subsection.8.5}% 30
\BOOKMARK [3][-]{subsubsection.8.5.2}{\376\377\000B\000l\000e\000n\000d\000i\000n\000g\000\040\000a\000s\000\040\000S\000h\000e\000a\000f\000-\000T\000h\000e\000o\000r\000e\000t\000i\000c\000\040\000G\000l\000u\000i\000n\000g\000\040\000\050\000P\000u\000s\000h\000o\000u\000t\000s\000/\000C\000o\000l\000i\000m\000i\000t\000s\000\051}{subsection.8.5}% 31
\BOOKMARK [3][-]{subsubsection.8.5.3}{\376\377\000P\000r\000e\000s\000e\000r\000v\000i\000n\000g\000\040\040\034\000L\000o\000c\000a\000t\000i\000o\000n\000s\040\035\000\040\000v\000i\000a\000\040\000T\000o\000t\000a\000l\000\040\000S\000e\000m\000a\000n\000t\000i\000c\000\040\000V\000e\000c\000t\000o\000r\000\040\000T\000r\000a\000v\000e\000r\000s\000a\000l}{subsection.8.5}% 32
\BOOKMARK [3][-]{subsubsection.8.5.4}{\376\377\000C\000o\000m\000p\000r\000e\000s\000s\000i\000o\000n\000\040\000a\000s\000\040\000E\000n\000t\000r\000o\000p\000y\000-\000R\000e\000g\000u\000l\000a\000r\000i\000z\000e\000d\000\040\000G\000l\000o\000b\000a\000l\000i\000z\000a\000t\000i\000o\000n\000\040\000\050\000C\000o\000h\000o\000m\000o\000l\000o\000g\000y\000\040\041\222\000\040\000C\000o\000d\000e\000\040\000L\000e\000n\000g\000t\000h\000\051}{subsection.8.5}% 33
\BOOKMARK [3][-]{subsubsection.8.5.5}{\376\377\000F\000r\000o\000m\000\040\000G\000l\000o\000b\000a\000l\000\040\000B\000l\000e\000n\000d\000s\000\040\000t\000o\000\040\000H\000y\000p\000o\000t\000h\000a\000l\000a\000m\000i\000c\000/\000M\000i\000d\000b\000r\000a\000i\000n\000\040\000I\000n\000t\000e\000g\000r\000a\000t\000o\000r\000s}{subsection.8.5}% 34
\BOOKMARK [3][-]{subsubsection.8.5.6}{\376\377\000F\000u\000n\000c\000t\000i\000o\000n\000a\000l\000\040\000A\000n\000a\000l\000o\000g\000y\000\040\000t\000o\000\040\000E\000m\000o\000t\000i\000o\000n\000s}{subsection.8.5}% 35
\BOOKMARK [3][-]{subsubsection.8.5.7}{\376\377\000F\000o\000r\000m\000a\000l\000\040\000S\000k\000e\000t\000c\000h\000\040\000\050\000S\000u\000f\000f\000i\000c\000i\000e\000n\000c\000y\000\051}{subsection.8.5}% 36
\BOOKMARK [3][-]{subsubsection.8.5.8}{\376\377\000W\000h\000y\000\040\000T\000h\000i\000s\000\040\000i\000s\000\040\040\034\000C\000o\000n\000c\000e\000p\000t\000u\000a\000l\000\040\000B\000l\000e\000n\000d\000i\000n\000g\040\035\000\040\000i\000n\000\040\000t\000h\000e\000\040\000P\000o\000s\000t\000-\000L\000L\000M\000\040\000E\000r\000a}{subsection.8.5}% 37
\BOOKMARK [1][-]{section.9}{\376\377\000R\000S\000V\000P\000\040\000a\000n\000d\000\040\000S\000T\000E\000E\000R\000E\000R\000:\000\040\000S\000e\000l\000e\000c\000t\000i\000v\000e\000\040\000I\000n\000h\000e\000r\000i\000t\000a\000n\000c\000e\000\040\000A\000c\000r\000o\000s\000s\000\040\000S\000c\000a\000l\000e\000s}{}% 38
\BOOKMARK [2][-]{subsection.9.1}{\376\377\000S\000c\000a\000l\000e\000\040\000V\000a\000r\000i\000a\000t\000i\000o\000n\000\040\000i\000n\000\040\000R\000S\000V\000P\000\040\000F\000i\000e\000l\000d\000s}{section.9}% 39
\BOOKMARK [2][-]{subsection.9.2}{\376\377\000S\000e\000l\000e\000c\000t\000i\000v\000e\000\040\000I\000n\000h\000e\000r\000i\000t\000a\000n\000c\000e\000\040\000a\000s\000\040\000S\000h\000e\000a\000f\000-\000T\000h\000e\000o\000r\000e\000t\000i\000c\000\040\000F\000i\000l\000t\000e\000r\000i\000n\000g}{section.9}% 40
\BOOKMARK [2][-]{subsection.9.3}{\376\377\000E\000n\000t\000r\000o\000p\000y\000-\000R\000e\000g\000u\000l\000a\000r\000i\000z\000e\000d\000\040\000I\000n\000h\000e\000r\000i\000t\000a\000n\000c\000e}{section.9}% 41
\BOOKMARK [2][-]{subsection.9.4}{\376\377\000I\000m\000p\000l\000i\000c\000a\000t\000i\000o\000n\000:\000\040\000R\000o\000b\000u\000s\000t\000\040\000M\000u\000l\000t\000i\000-\000S\000c\000a\000l\000e\000\040\000C\000o\000n\000v\000e\000r\000g\000e\000n\000c\000e}{section.9}% 42
\BOOKMARK [1][-]{section.10}{\376\377\000P\000o\000l\000i\000c\000y\000\040\000a\000n\000d\000\040\000G\000o\000v\000e\000r\000n\000a\000n\000c\000e\000\040\000I\000m\000p\000l\000i\000c\000a\000t\000i\000o\000n\000s}{}% 43
\BOOKMARK [2][-]{subsection.10.1}{\376\377\000P\000r\000o\000o\000f\000-\000o\000f\000-\000H\000e\000a\000t\000\040\000\050\000P\000o\000H\000\051\000\040\000a\000n\000d\000\040\000P\000r\000o\000o\000f\000-\000o\000f\000-\000M\000e\000a\000n\000i\000n\000g\000\040\000\050\000P\000o\000M\000\051\000\040\000M\000a\000n\000d\000a\000t\000e\000s}{section.10}% 44
\BOOKMARK [2][-]{subsection.10.2}{\376\377\000G\000o\000v\000e\000r\000n\000a\000n\000c\000e\000\040\000M\000o\000d\000e\000l\000s}{section.10}% 45
\BOOKMARK [1][-]{section.11}{\376\377\000C\000a\000s\000e\000\040\000S\000t\000u\000d\000i\000e\000s\000:\000\040\000X\000y\000l\000o\000m\000o\000r\000p\000h\000i\000c\000\040\000D\000i\000s\000t\000r\000i\000c\000t\000s}{}% 46
\BOOKMARK [1][-]{section.12}{\376\377\000S\000p\000e\000c\000u\000l\000a\000t\000i\000v\000e\000\040\000F\000u\000t\000u\000r\000e\000s\000:\000\040\000X\000y\000l\000o\000m\000o\000r\000p\000h\000i\000c\000\040\000E\000a\000r\000t\000h\000\040\000i\000n\000\040\0002\0001\0000\0000}{}% 47
\BOOKMARK [2][-]{subsection.12.1}{\376\377\000T\000h\000e\000r\000m\000a\000l\000\040\000I\000n\000t\000e\000g\000r\000a\000t\000i\000o\000n}{section.12}% 48
\BOOKMARK [2][-]{subsection.12.2}{\376\377\000S\000e\000m\000a\000n\000t\000i\000c\000\040\000G\000o\000v\000e\000r\000n\000a\000n\000c\000e}{section.12}% 49
\BOOKMARK [2][-]{subsection.12.3}{\376\377\000H\000u\000m\000a\000n\000\040\000F\000l\000o\000u\000r\000i\000s\000h\000i\000n\000g}{section.12}% 50
\BOOKMARK [2][-]{subsection.12.4}{\376\377\000A\000v\000e\000r\000t\000e\000d\000\040\000C\000a\000t\000a\000s\000t\000r\000o\000p\000h\000e}{section.12}% 51
\BOOKMARK [1][-]{section.13}{\376\377\000C\000o\000m\000p\000a\000r\000a\000t\000i\000v\000e\000\040\000T\000a\000b\000l\000e\000:\000\040\000S\000N\000C\000\040\000v\000s\000.\000\040\000X\000y\000l\000o\000m\000o\000r\000p\000h\000i\000c\000\040\000S\000u\000b\000s\000t\000r\000a\000t\000e\000s}{}% 52
\BOOKMARK [1][-]{section.14}{\376\377\000C\000o\000n\000c\000l\000u\000s\000i\000o\000n}{}% 53
\BOOKMARK [1][-]{appendix.A}{\376\377\000M\000a\000t\000h\000e\000m\000a\000t\000i\000c\000a\000l\000\040\000A\000p\000p\000e\000n\000d\000i\000x\000:\000\040\000R\000S\000V\000P\000\040\000F\000i\000e\000l\000d\000\040\000E\000q\000u\000a\000t\000i\000o\000n\000s\000\040\000a\000n\000d\000\040\000A\000t\000t\000r\000a\000c\000t\000o\000r\000\040\000D\000i\000a\000g\000r\000a\000m\000s}{}% 54
\BOOKMARK [2][-]{subsection.A.1}{\376\377\000A\000t\000t\000r\000a\000c\000t\000o\000r\000\040\000D\000i\000a\000g\000r\000a\000m\000s}{appendix.A}% 55
\BOOKMARK [2][-]{subsection.A.2}{\376\377\000S\000t\000a\000b\000i\000l\000i\000t\000y\000\040\000A\000n\000a\000l\000y\000s\000i\000s}{appendix.A}% 56
\BOOKMARK [1][-]{appendix.B}{\376\377\000E\000x\000t\000e\000n\000d\000e\000d\000\040\000C\000o\000n\000c\000e\000p\000t\000u\000a\000l\000\040\000A\000p\000p\000e\000n\000d\000i\000x\000:\000\040\000B\000l\000e\000n\000d\000i\000n\000g\000\040\000a\000n\000d\000\040\000I\000n\000h\000e\000r\000i\000t\000a\000n\000c\000e}{}% 57
\BOOKMARK [2][-]{subsection.B.1}{\376\377\000C\000o\000n\000c\000e\000p\000t\000u\000a\000l\000\040\000B\000l\000e\000n\000d\000i\000n\000g\000\040\000i\000n\000\040\000R\000S\000V\000P}{appendix.B}% 58
\BOOKMARK [2][-]{subsection.B.2}{\376\377\000S\000e\000l\000e\000c\000t\000i\000v\000e\000\040\000I\000n\000h\000e\000r\000i\000t\000a\000n\000c\000e}{appendix.B}% 59
\BOOKMARK [1][-]{appendix.C}{\376\377\000E\000m\000p\000i\000r\000i\000c\000a\000l\000\040\000a\000n\000d\000\040\000S\000i\000m\000u\000l\000a\000t\000i\000o\000n\000\040\000A\000p\000p\000e\000n\000d\000i\000x}{}% 60
\BOOKMARK [2][-]{subsection.C.1}{\376\377\000S\000i\000m\000u\000l\000a\000t\000i\000o\000n\000\040\000P\000l\000a\000t\000f\000o\000r\000m\000s}{appendix.C}% 61
\BOOKMARK [2][-]{subsection.C.2}{\376\377\000W\000o\000r\000k\000e\000d\000\040\000E\000x\000a\000m\000p\000l\000e}{appendix.C}% 62
\BOOKMARK [1][-]{appendix.D}{\376\377\000P\000h\000i\000l\000o\000s\000o\000p\000h\000i\000c\000a\000l\000\040\000A\000p\000p\000e\000n\000d\000i\000x\000:\000\040\000C\000o\000m\000p\000u\000t\000a\000t\000i\000o\000n\000\040\000a\000s\000\040\000E\000c\000o\000l\000o\000g\000y}{}% 63
