/mnt/c/Users/nateg/OneDrive/Documentos/GitHub/abraxas/Hyperion Parmenides.txt
/mnt/c/Users/nateg/OneDrive/Documentos/GitHub/abraxas/Reverse Necrocapitalism.txt
/mnt/c/Users/nateg/OneDrive/Documentos/GitHub/abraxas/Transgenic Psytexts.txt
/mnt/c/Users/nateg/OneDrive/Documentos/GitHub/abraxas/ancient-languages.txt
/mnt/c/Users/nateg/OneDrive/Documentos/GitHub/abraxas/cyclopodian-ethics.txt
/mnt/c/Users/nateg/OneDrive/Documentos/GitHub/abraxas/empathic-summaries.txt
/mnt/c/Users/nateg/OneDrive/Documentos/GitHub/abraxas/holotype-theory.txt
/mnt/c/Users/nateg/OneDrive/Documentos/GitHub/abraxas/intersubjectividad.txt
/mnt/c/Users/nateg/OneDrive/Documentos/GitHub/abraxas/intersubjectivity.txt
/mnt/c/Users/nateg/OneDrive/Documentos/GitHub/abraxas/linked-oscillators.txt
/mnt/c/Users/nateg/OneDrive/Documentos/GitHub/abraxas/local-ancient-languages.txt
/mnt/c/Users/nateg/OneDrive/Documentos/GitHub/abraxas/meta-axiology.txt
/mnt/c/Users/nateg/OneDrive/Documentos/GitHub/abraxas/null-wavefront.txt
/mnt/c/Users/nateg/OneDrive/Documentos/GitHub/abraxas/observer-relative-spacetime.txt
/mnt/c/Users/nateg/OneDrive/Documentos/GitHub/abraxas/pragmatite-crystals.txt
/mnt/c/Users/nateg/OneDrive/Documentos/GitHub/abraxas/relevance-relations.txt
/mnt/c/Users/nateg/OneDrive/Documentos/GitHub/abraxas/spherepop.txt
/mnt/c/Users/nateg/OneDrive/Documentos/GitHub/abraxas/stations-of-the-mind.txt
/mnt/c/Users/nateg/OneDrive/Documentos/GitHub/abraxas/studio-5.txt
/mnt/c/Users/nateg/OneDrive/Documentos/GitHub/abraxas/teleodynamics.txt
/mnt/c/Users/nateg/OneDrive/Documentos/GitHub/abraxas/wizard-summary.txt
/mnt/c/Users/nateg/OneDrive/Documentos/GitHub/abraxas/wizardlm2-test.txt
