2024-10-06 16:35:16,453 - INFO - Processing: 01 - The Abyss Within.mp3
2024-10-06 16:35:36,792 - INFO - Submitting 01 - The Abyss Within.mp3 to Chordino for chord extraction.
2024-10-06 16:35:38,398 - INFO - Chord extraction for 01 - The Abyss Within.mp3 complete.
2024-10-06 16:35:38,421 - INFO - Successfully processed: 01 - The Abyss Within.mp3
2024-10-06 16:35:38,422 - INFO - Processing: 02 - Beyond Good and Evil.mp3
2024-10-06 16:35:59,070 - INFO - Submitting 02 - Beyond Good and Evil.mp3 to Chordino for chord extraction.
2024-10-06 16:36:00,388 - INFO - Chord extraction for 02 - Beyond Good and Evil.mp3 complete.
2024-10-06 16:36:00,406 - INFO - Successfully processed: 02 - Beyond Good and Evil.mp3
2024-10-06 16:36:00,407 - INFO - Processing: 03 - Deserted Island Blues.mp3
2024-10-06 16:36:19,125 - INFO - Submitting 03 - Deserted Island Blues.mp3 to Chordino for chord extraction.
2024-10-06 16:36:20,555 - INFO - Chord extraction for 03 - Deserted Island Blues.mp3 complete.
2024-10-06 16:36:20,578 - INFO - Successfully processed: 03 - Deserted Island Blues.mp3
2024-10-06 16:36:20,579 - INFO - Processing: 04 - Visions of the Canvas.mp3
2024-10-06 16:36:41,699 - INFO - Submitting 04 - Visions of the Canvas.mp3 to Chordino for chord extraction.
2024-10-06 16:36:43,455 - INFO - Chord extraction for 04 - Visions of the Canvas.mp3 complete.
2024-10-06 16:36:43,478 - INFO - Successfully processed: 04 - Visions of the Canvas.mp3
2024-10-06 16:36:43,478 - INFO - Processing: 05 - Amnesiac Love.mp3
2024-10-06 16:37:04,030 - INFO - Submitting 05 - Amnesiac Love.mp3 to Chordino for chord extraction.
2024-10-06 16:37:05,962 - INFO - Chord extraction for 05 - Amnesiac Love.mp3 complete.
2024-10-06 16:37:05,986 - INFO - Successfully processed: 05 - Amnesiac Love.mp3
2024-10-06 16:37:05,986 - INFO - Processing: 06 - Raccoon Ruckus.mp3
2024-10-06 16:37:27,784 - INFO - Submitting 06 - Raccoon Ruckus.mp3 to Chordino for chord extraction.
2024-10-06 16:37:30,333 - INFO - Chord extraction for 06 - Raccoon Ruckus.mp3 complete.
2024-10-06 16:37:30,362 - INFO - Successfully processed: 06 - Raccoon Ruckus.mp3
2024-10-06 16:37:30,363 - INFO - Processing: 07 - Free From Desire.mp3
2024-10-06 16:37:50,796 - INFO - Submitting 07 - Free From Desire.mp3 to Chordino for chord extraction.
2024-10-06 16:37:52,271 - INFO - Chord extraction for 07 - Free From Desire.mp3 complete.
2024-10-06 16:37:52,293 - INFO - Successfully processed: 07 - Free From Desire.mp3
2024-10-06 16:37:52,293 - INFO - Processing: 08 - Picture the Scene.mp3
2024-10-06 16:38:14,329 - INFO - Submitting 08 - Picture the Scene.mp3 to Chordino for chord extraction.
2024-10-06 16:38:16,302 - INFO - Chord extraction for 08 - Picture the Scene.mp3 complete.
2024-10-06 16:38:16,326 - INFO - Successfully processed: 08 - Picture the Scene.mp3
2024-10-06 16:38:16,326 - INFO - Processing: 09 - Humanity Dethroned.mp3
2024-10-06 16:38:37,434 - INFO - Submitting 09 - Humanity Dethroned.mp3 to Chordino for chord extraction.
2024-10-06 16:38:38,695 - INFO - Chord extraction for 09 - Humanity Dethroned.mp3 complete.
2024-10-06 16:38:38,719 - INFO - Successfully processed: 09 - Humanity Dethroned.mp3
2024-10-06 16:38:38,720 - INFO - Processing: 10 - In the Depths of Existence.mp3
2024-10-06 16:39:00,700 - INFO - Submitting 10 - In the Depths of Existence.mp3 to Chordino for chord extraction.
2024-10-06 16:39:02,507 - INFO - Chord extraction for 10 - In the Depths of Existence.mp3 complete.
2024-10-06 16:39:02,532 - INFO - Successfully processed: 10 - In the Depths of Existence.mp3
2024-10-06 16:39:02,532 - INFO - Processing: 11 - Beyond Illusions.mp3
2024-10-06 16:39:23,095 - INFO - Submitting 11 - Beyond Illusions.mp3 to Chordino for chord extraction.
2024-10-06 16:39:24,610 - INFO - Chord extraction for 11 - Beyond Illusions.mp3 complete.
2024-10-06 16:39:24,632 - INFO - Successfully processed: 11 - Beyond Illusions.mp3
2024-10-06 16:39:24,632 - INFO - Processing: 12 - Code to the Beats.mp3
2024-10-06 16:39:49,003 - INFO - Submitting 12 - Code to the Beats.mp3 to Chordino for chord extraction.
2024-10-06 16:39:53,242 - INFO - Chord extraction for 12 - Code to the Beats.mp3 complete.
2024-10-06 16:39:53,324 - INFO - Successfully processed: 12 - Code to the Beats.mp3
2024-10-06 16:39:53,325 - INFO - Processing: 13 - Guardians of Tomorrow.mp3
2024-10-06 16:40:15,490 - INFO - Submitting 13 - Guardians of Tomorrow.mp3 to Chordino for chord extraction.
2024-10-06 16:40:17,648 - INFO - Chord extraction for 13 - Guardians of Tomorrow.mp3 complete.
2024-10-06 16:40:17,670 - INFO - Successfully processed: 13 - Guardians of Tomorrow.mp3
2024-10-06 16:40:17,670 - INFO - Processing: 14 - Bread-Quail Wisdom.mp3
2024-10-06 16:40:38,625 - INFO - Submitting 14 - Bread-Quail Wisdom.mp3 to Chordino for chord extraction.
2024-10-06 16:40:40,954 - INFO - Chord extraction for 14 - Bread-Quail Wisdom.mp3 complete.
2024-10-06 16:40:40,979 - INFO - Successfully processed: 14 - Bread-Quail Wisdom.mp3
2024-10-06 16:40:40,979 - INFO - Processing: 15 - Intersubjectivity Collapse.mp3
2024-10-06 16:41:02,705 - INFO - Submitting 15 - Intersubjectivity Collapse.mp3 to Chordino for chord extraction.
2024-10-06 16:41:04,864 - INFO - Chord extraction for 15 - Intersubjectivity Collapse.mp3 complete.
2024-10-06 16:41:04,889 - INFO - Successfully processed: 15 - Intersubjectivity Collapse.mp3
2024-10-06 16:41:04,889 - INFO - Processing: 16 - Cultural Shift.mp3
2024-10-06 16:41:25,721 - INFO - Submitting 16 - Cultural Shift.mp3 to Chordino for chord extraction.
2024-10-06 16:41:27,918 - INFO - Chord extraction for 16 - Cultural Shift.mp3 complete.
2024-10-06 16:41:27,942 - INFO - Successfully processed: 16 - Cultural Shift.mp3
2024-10-06 16:41:27,942 - INFO - Processing: 17 - My Boots are Worn.mp3
2024-10-06 16:41:48,619 - INFO - Submitting 17 - My Boots are Worn.mp3 to Chordino for chord extraction.
2024-10-06 16:41:51,697 - INFO - Chord extraction for 17 - My Boots are Worn.mp3 complete.
2024-10-06 16:41:51,721 - INFO - Successfully processed: 17 - My Boots are Worn.mp3
2024-10-06 16:41:51,721 - INFO - Processing: 18 - Shattered Dreams.mp3
2024-10-06 16:42:13,514 - INFO - Submitting 18 - Shattered Dreams.mp3 to Chordino for chord extraction.
2024-10-06 16:42:16,944 - INFO - Chord extraction for 18 - Shattered Dreams.mp3 complete.
2024-10-06 16:42:16,973 - INFO - Successfully processed: 18 - Shattered Dreams.mp3
2024-10-06 16:42:16,973 - INFO - Processing: 19 - Genius Prodigy and Talent.mp3
2024-10-06 16:42:40,262 - INFO - Submitting 19 - Genius Prodigy and Talent.mp3 to Chordino for chord extraction.
2024-10-06 16:42:44,615 - INFO - Chord extraction for 19 - Genius Prodigy and Talent.mp3 complete.
2024-10-06 16:42:44,640 - INFO - Successfully processed: 19 - Genius Prodigy and Talent.mp3
2024-10-06 16:42:44,641 - INFO - Processing: 20 - Hack the Planet.mp3
2024-10-06 16:43:04,833 - INFO - Submitting 20 - Hack the Planet.mp3 to Chordino for chord extraction.
2024-10-06 16:43:05,915 - INFO - Chord extraction for 20 - Hack the Planet.mp3 complete.
2024-10-06 16:43:05,945 - INFO - Successfully processed: 20 - Hack the Planet.mp3
2024-10-06 16:43:05,946 - INFO - Processing: 21 - Vertical Scaling.mp3
2024-10-06 16:43:27,992 - INFO - Submitting 21 - Vertical Scaling.mp3 to Chordino for chord extraction.
2024-10-06 16:43:31,823 - INFO - Chord extraction for 21 - Vertical Scaling.mp3 complete.
2024-10-06 16:43:31,846 - INFO - Successfully processed: 21 - Vertical Scaling.mp3
2024-10-06 16:43:31,847 - INFO - Processing: 22 - Carmen Scientiae.mp3
2024-10-06 16:43:53,247 - INFO - Submitting 22 - Carmen Scientiae.mp3 to Chordino for chord extraction.
2024-10-06 16:43:55,928 - INFO - Chord extraction for 22 - Carmen Scientiae.mp3 complete.
2024-10-06 16:43:55,951 - INFO - Successfully processed: 22 - Carmen Scientiae.mp3
2024-10-06 16:43:55,952 - INFO - Processing: 23 - Regal Wind.mp3
2024-10-06 16:44:17,577 - INFO - Submitting 23 - Regal Wind.mp3 to Chordino for chord extraction.
2024-10-06 16:44:20,367 - INFO - Chord extraction for 23 - Regal Wind.mp3 complete.
2024-10-06 16:44:20,439 - INFO - Successfully processed: 23 - Regal Wind.mp3
2024-10-06 16:44:20,439 - INFO - Processing: 24 - I am in Need of Music.mp3
2024-10-06 16:44:40,376 - INFO - Submitting 24 - I am in Need of Music.mp3 to Chordino for chord extraction.
2024-10-06 16:44:41,475 - INFO - Chord extraction for 24 - I am in Need of Music.mp3 complete.
2024-10-06 16:44:41,499 - INFO - Successfully processed: 24 - I am in Need of Music.mp3
