/mnt/c/Users/nateg/OneDrive/Documentos/GitHub/abraxas/experiment/overview.txt
/mnt/c/Users/nateg/OneDrive/Documentos/GitHub/abraxas/experiment/progress.log
/mnt/c/Users/nateg/OneDrive/Documentos/GitHub/abraxas/experiment/x00
/mnt/c/Users/nateg/OneDrive/Documentos/GitHub/abraxas/experiment/x01
/mnt/c/Users/nateg/OneDrive/Documentos/GitHub/abraxas/experiment/x02
/mnt/c/Users/nateg/OneDrive/Documentos/GitHub/abraxas/experiment/x03
/mnt/c/Users/nateg/OneDrive/Documentos/GitHub/abraxas/experiment/x04
/mnt/c/Users/nateg/OneDrive/Documentos/GitHub/abraxas/experiment/x05
/mnt/c/Users/nateg/OneDrive/Documentos/GitHub/abraxas/experiment/x06
/mnt/c/Users/nateg/OneDrive/Documentos/GitHub/abraxas/experiment/x07
/mnt/c/Users/nateg/OneDrive/Documentos/GitHub/abraxas/experiment/x08
/mnt/c/Users/nateg/OneDrive/Documentos/GitHub/abraxas/experiment/x09
/mnt/c/Users/nateg/OneDrive/Documentos/GitHub/abraxas/experiment/x10
/mnt/c/Users/nateg/OneDrive/Documentos/GitHub/abraxas/experiment/x11
/mnt/c/Users/nateg/OneDrive/Documentos/GitHub/abraxas/experiment/x12
/mnt/c/Users/nateg/OneDrive/Documentos/GitHub/abraxas/experiment/x13
/mnt/c/Users/nateg/OneDrive/Documentos/GitHub/abraxas/experiment/x14
/mnt/c/Users/nateg/OneDrive/Documentos/GitHub/abraxas/experiment/x15
/mnt/c/Users/nateg/OneDrive/Documentos/GitHub/abraxas/experiment/x16
/mnt/c/Users/nateg/OneDrive/Documentos/GitHub/abraxas/experiment/x17
/mnt/c/Users/nateg/OneDrive/Documentos/GitHub/abraxas/experiment/x18
/mnt/c/Users/nateg/OneDrive/Documentos/GitHub/abraxas/experiment/x19
/mnt/c/Users/nateg/OneDrive/Documentos/GitHub/abraxas/experiment/x20
/mnt/c/Users/nateg/OneDrive/Documentos/GitHub/abraxas/experiment/x21
/mnt/c/Users/nateg/OneDrive/Documentos/GitHub/abraxas/experiment/x22
/mnt/c/Users/nateg/OneDrive/Documentos/GitHub/abraxas/experiment/x00.txt
/mnt/c/Users/nateg/OneDrive/Documentos/GitHub/abraxas/experiment/x01.txt
/mnt/c/Users/nateg/OneDrive/Documentos/GitHub/abraxas/experiment/x02.txt
/mnt/c/Users/nateg/OneDrive/Documentos/GitHub/abraxas/experiment/x03.txt
/mnt/c/Users/nateg/OneDrive/Documentos/GitHub/abraxas/experiment/x04.txt
/mnt/c/Users/nateg/OneDrive/Documentos/GitHub/abraxas/experiment/x05.txt
/mnt/c/Users/nateg/OneDrive/Documentos/GitHub/abraxas/experiment/x06.txt
/mnt/c/Users/nateg/OneDrive/Documentos/GitHub/abraxas/experiment/x07.txt
/mnt/c/Users/nateg/OneDrive/Documentos/GitHub/abraxas/experiment/x08.txt
/mnt/c/Users/nateg/OneDrive/Documentos/GitHub/abraxas/experiment/x09.txt
/mnt/c/Users/nateg/OneDrive/Documentos/GitHub/abraxas/experiment/x10.txt
/mnt/c/Users/nateg/OneDrive/Documentos/GitHub/abraxas/experiment/x11.txt
/mnt/c/Users/nateg/OneDrive/Documentos/GitHub/abraxas/experiment/x12.txt
/mnt/c/Users/nateg/OneDrive/Documentos/GitHub/abraxas/experiment/x13.txt
/mnt/c/Users/nateg/OneDrive/Documentos/GitHub/abraxas/experiment/x14.txt
/mnt/c/Users/nateg/OneDrive/Documentos/GitHub/abraxas/experiment/x15.txt
/mnt/c/Users/nateg/OneDrive/Documentos/GitHub/abraxas/experiment/x16.txt
/mnt/c/Users/nateg/OneDrive/Documentos/GitHub/abraxas/experiment/x17.txt
/mnt/c/Users/nateg/OneDrive/Documentos/GitHub/abraxas/experiment/x18.txt
/mnt/c/Users/nateg/OneDrive/Documentos/GitHub/abraxas/experiment/x19.txt
/mnt/c/Users/nateg/OneDrive/Documentos/GitHub/abraxas/experiment/x20.txt
/mnt/c/Users/nateg/OneDrive/Documentos/GitHub/abraxas/experiment/x21.txt
/mnt/c/Users/nateg/OneDrive/Documentos/GitHub/abraxas/experiment/x22.txt
/mnt/c/Users/nateg/OneDrive/Documentos/GitHub/abraxas/experiment/Tree of Self-reflection.txt
